#
# There is insufficient memory for the Java Runtime Environment to continue.
# Native memory allocation (malloc) failed to allocate 1329376 bytes for Chunk::new
# Possible reasons:
#   The system is out of physical RAM or swap space
#   In 32 bit mode, the process size limit was hit
# Possible solutions:
#   Reduce memory load on the system
#   Increase physical memory or swap space
#   Check if swap backing store is full
#   Use 64 bit Java on a 64 bit OS
#   Decrease Java heap size (-Xmx/-Xms)
#   Decrease number of Java threads
#   Decrease Java thread stack sizes (-Xss)
#   Set larger code cache with -XX:ReservedCodeCacheSize=
# This output file may be truncated or incomplete.
#
#  Out of Memory Error (allocation.cpp:390), pid=12480, tid=0x0000000000000bb4
#
# JRE version: Java(TM) SE Runtime Environment (8.0_181-b13) (build 1.8.0_181-b13)
# Java VM: Java HotSpot(TM) 64-Bit Server VM (25.181-b13 mixed mode windows-amd64 compressed oops)
# Failed to write core dump. Minidumps are not enabled by default on client versions of Windows
#

---------------  T H R E A D  ---------------

Current thread (0x0000000015864800):  JavaThread "C2 CompilerThread1" daemon [_thread_in_native, id=2996, stack(0x0000000016fb0000,0x00000000170b0000)]

Stack: [0x0000000016fb0000,0x00000000170b0000]
[error occurred during error reporting (printing stack bounds), id 0xc0000005]

Native frames: (J=compiled Java code, j=interpreted, Vv=VM code, C=native code)


Current CompileTask:
C2:   3887 2411       4       java.net.URLClassLoader$1::run (5 bytes)


---------------  P R O C E S S  ---------------

Java Threads: ( => current thread )
  0x0000000017cb3800 JavaThread "RMI TCP Accept-0" daemon [_thread_in_native, id=13056, stack(0x00000000183f0000,0x00000000184f0000)]
  0x0000000017cac800 JavaThread "RMI TCP Accept-63591" daemon [_thread_in_native, id=1892, stack(0x00000000182f0000,0x00000000183f0000)]
  0x0000000017c90800 JavaThread "RMI TCP Accept-0" daemon [_thread_in_native, id=8560, stack(0x00000000181f0000,0x00000000182f0000)]
  0x00000000171dc000 JavaThread "Service Thread" daemon [_thread_blocked, id=14812, stack(0x00000000175b0000,0x00000000176b0000)]
  0x000000001586f800 JavaThread "C1 CompilerThread2" daemon [_thread_blocked, id=5652, stack(0x00000000170b0000,0x00000000171b0000)]
=>0x0000000015864800 JavaThread "C2 CompilerThread1" daemon [_thread_in_native, id=2996, stack(0x0000000016fb0000,0x00000000170b0000)]
  0x000000001585f800 JavaThread "C2 CompilerThread0" daemon [_thread_in_native, id=13152, stack(0x0000000016eb0000,0x0000000016fb0000)]
  0x000000001586e000 JavaThread "Attach Listener" daemon [_thread_blocked, id=14888, stack(0x0000000016db0000,0x0000000016eb0000)]
  0x000000001586c800 JavaThread "Signal Dispatcher" daemon [_thread_blocked, id=3968, stack(0x0000000016cb0000,0x0000000016db0000)]
  0x00000000031de800 JavaThread "Finalizer" daemon [_thread_blocked, id=11968, stack(0x0000000016ac0000,0x0000000016bc0000)]
  0x00000000031d3800 JavaThread "Reference Handler" daemon [_thread_blocked, id=2268, stack(0x00000000169c0000,0x0000000016ac0000)]
  0x00000000030e5000 JavaThread "main" [_thread_in_native, id=15232, stack(0x0000000002f90000,0x0000000003090000)]

Other Threads:
  0x0000000015827000 VMThread [stack: 0x00000000168c0000,0x00000000169c0000] [id=7844]
  0x0000000017cb6800 WatcherThread [stack: 0x00000000184f0000,0x00000000185f0000] [id=7160]

VM state:not at safepoint (normal execution)

VM Mutex/Monitor currently owned by a thread: None

Heap:
 PSYoungGen      total 69632K, used 62709K [0x00000000eb580000, 0x00000000f0080000, 0x0000000100000000)
  eden space 63488K, 98% used [0x00000000eb580000,0x00000000ef2bd7c8,0x00000000ef380000)
  from space 6144K, 0% used [0x00000000efa80000,0x00000000efa80000,0x00000000f0080000)
  to   space 6656K, 0% used [0x00000000ef380000,0x00000000ef380000,0x00000000efa00000)
 ParOldGen       total 35840K, used 8859K [0x00000000c2000000, 0x00000000c4300000, 0x00000000eb580000)
  object space 35840K, 24% used [0x00000000c2000000,0x00000000c28a6ca0,0x00000000c4300000)
 Metaspace       used 24473K, capacity 24820K, committed 24960K, reserved 1071104K
  class space    used 3024K, capacity 3145K, committed 3200K, reserved 1048576K

Card table byte_map: [0x0000000012680000,0x0000000012880000] byte_map_base: 0x0000000012070000

Marking Bits: (ParMarkBitMap*) 0x000000005b702d00
 Begin Bits: [0x0000000012dd0000, 0x0000000013d50000)
 End Bits:   [0x0000000013d50000, 0x0000000014cd0000)

Polling page: 0x0000000001210000

CodeCache: size=245760Kb used=9261Kb max_used=9261Kb free=236498Kb
 bounds [0x00000000032c0000, 0x0000000003be0000, 0x00000000122c0000]
 total_blobs=2870 nmethods=2483 adapters=299
 compilation: enabled

Compilation events (10 events):
Event: 3.666 Thread 0x000000001586f800 2481       3       org.springframework.core.SerializableTypeWrapper$MethodParameterTypeProvider::<init> (74 bytes)
Event: 3.668 Thread 0x000000001586f800 nmethod 2481 0x0000000003bcd150 code [0x0000000003bcd340, 0x0000000003bcde48]
Event: 3.668 Thread 0x000000001586f800 2482       3       java.lang.Class$MethodArray::getFirst (36 bytes)
Event: 3.668 Thread 0x000000001586f800 nmethod 2482 0x0000000003bce1d0 code [0x0000000003bce340, 0x0000000003bce5b0]
Event: 3.674 Thread 0x000000001586f800 2483   !   3       com.sun.proxy.$Proxy5::equals (39 bytes)
Event: 3.674 Thread 0x000000001586f800 nmethod 2483 0x0000000003bce690 code [0x0000000003bce840, 0x0000000003bceeb8]
Event: 3.675 Thread 0x000000001586f800 2484       1       org.springframework.core.annotation.AnnotatedElementUtils$MergedAnnotationAttributesProcessor::alwaysProcesses (2 bytes)
Event: 3.675 Thread 0x000000001586f800 nmethod 2484 0x0000000003bcf1d0 code [0x0000000003bcf320, 0x0000000003bcf430]
Event: 3.678 Thread 0x000000001586f800 2485       3       java.lang.Integer::equals (29 bytes)
Event: 3.678 Thread 0x000000001586f800 nmethod 2485 0x0000000003bcf490 code [0x0000000003bcf600, 0x0000000003bcfa70]

GC Heap History (10 events):
Event: 1.543 GC heap before
{Heap before GC invocations=3 (full 0):
 PSYoungGen      total 18432K, used 18395K [0x00000000eb580000, 0x00000000ed980000, 0x0000000100000000)
  eden space 15872K, 99% used [0x00000000eb580000,0x00000000ec4faf40,0x00000000ec500000)
  from space 2560K, 99% used [0x00000000ec780000,0x00000000ec9fc010,0x00000000eca00000)
  to   space 2560K, 0% used [0x00000000ec500000,0x00000000ec500000,0x00000000ec780000)
 ParOldGen       total 42496K, used 2120K [0x00000000c2000000, 0x00000000c4980000, 0x00000000eb580000)
  object space 42496K, 4% used [0x00000000c2000000,0x00000000c2212288,0x00000000c4980000)
 Metaspace       used 14278K, capacity 14418K, committed 14720K, reserved 1062912K
  class space    used 1752K, capacity 1799K, committed 1920K, reserved 1048576K
Event: 1.552 GC heap after
Heap after GC invocations=3 (full 0):
 PSYoungGen      total 18432K, used 2547K [0x00000000eb580000, 0x00000000ed980000, 0x0000000100000000)
  eden space 15872K, 0% used [0x00000000eb580000,0x00000000eb580000,0x00000000ec500000)
  from space 2560K, 99% used [0x00000000ec500000,0x00000000ec77cd38,0x00000000ec780000)
  to   space 2560K, 0% used [0x00000000ed700000,0x00000000ed700000,0x00000000ed980000)
 ParOldGen       total 42496K, used 4502K [0x00000000c2000000, 0x00000000c4980000, 0x00000000eb580000)
  object space 42496K, 10% used [0x00000000c2000000,0x00000000c2465a50,0x00000000c4980000)
 Metaspace       used 14278K, capacity 14418K, committed 14720K, reserved 1062912K
  class space    used 1752K, capacity 1799K, committed 1920K, reserved 1048576K
}
Event: 1.733 GC heap before
{Heap before GC invocations=4 (full 0):
 PSYoungGen      total 18432K, used 18419K [0x00000000eb580000, 0x00000000ed980000, 0x0000000100000000)
  eden space 15872K, 100% used [0x00000000eb580000,0x00000000ec500000,0x00000000ec500000)
  from space 2560K, 99% used [0x00000000ec500000,0x00000000ec77cd38,0x00000000ec780000)
  to   space 2560K, 0% used [0x00000000ed700000,0x00000000ed700000,0x00000000ed980000)
 ParOldGen       total 42496K, used 4502K [0x00000000c2000000, 0x00000000c4980000, 0x00000000eb580000)
  object space 42496K, 10% used [0x00000000c2000000,0x00000000c2465a50,0x00000000c4980000)
 Metaspace       used 16305K, capacity 16504K, committed 16768K, reserved 1064960K
  class space    used 2008K, capacity 2088K, committed 2176K, reserved 1048576K
Event: 1.740 GC heap after
Heap after GC invocations=4 (full 0):
 PSYoungGen      total 34304K, used 2544K [0x00000000eb580000, 0x00000000ed980000, 0x0000000100000000)
  eden space 31744K, 0% used [0x00000000eb580000,0x00000000eb580000,0x00000000ed480000)
  from space 2560K, 99% used [0x00000000ed700000,0x00000000ed97c010,0x00000000ed980000)
  to   space 2560K, 0% used [0x00000000ed480000,0x00000000ed480000,0x00000000ed700000)
 ParOldGen       total 42496K, used 6737K [0x00000000c2000000, 0x00000000c4980000, 0x00000000eb580000)
  object space 42496K, 15% used [0x00000000c2000000,0x00000000c2694650,0x00000000c4980000)
 Metaspace       used 16305K, capacity 16504K, committed 16768K, reserved 1064960K
  class space    used 2008K, capacity 2088K, committed 2176K, reserved 1048576K
}
Event: 2.290 GC heap before
{Heap before GC invocations=5 (full 0):
 PSYoungGen      total 34304K, used 34288K [0x00000000eb580000, 0x00000000ed980000, 0x0000000100000000)
  eden space 31744K, 100% used [0x00000000eb580000,0x00000000ed480000,0x00000000ed480000)
  from space 2560K, 99% used [0x00000000ed700000,0x00000000ed97c010,0x00000000ed980000)
  to   space 2560K, 0% used [0x00000000ed480000,0x00000000ed480000,0x00000000ed700000)
 ParOldGen       total 42496K, used 6737K [0x00000000c2000000, 0x00000000c4980000, 0x00000000eb580000)
  object space 42496K, 15% used [0x00000000c2000000,0x00000000c2694650,0x00000000c4980000)
 Metaspace       used 19639K, capacity 19928K, committed 20224K, reserved 1067008K
  class space    used 2391K, capacity 2499K, committed 2560K, reserved 1048576K
Event: 2.298 GC heap after
Heap after GC invocations=5 (full 0):
 PSYoungGen      total 34304K, used 2544K [0x00000000eb580000, 0x00000000f0180000, 0x0000000100000000)
  eden space 31744K, 0% used [0x00000000eb580000,0x00000000eb580000,0x00000000ed480000)
  from space 2560K, 99% used [0x00000000ed480000,0x00000000ed6fc030,0x00000000ed700000)
  to   space 7168K, 0% used [0x00000000efa80000,0x00000000efa80000,0x00000000f0180000)
 ParOldGen       total 42496K, used 10585K [0x00000000c2000000, 0x00000000c4980000, 0x00000000eb580000)
  object space 42496K, 24% used [0x00000000c2000000,0x00000000c2a56460,0x00000000c4980000)
 Metaspace       used 19639K, capacity 19928K, committed 20224K, reserved 1067008K
  class space    used 2391K, capacity 2499K, committed 2560K, reserved 1048576K
}
Event: 2.621 GC heap before
{Heap before GC invocations=6 (full 0):
 PSYoungGen      total 34304K, used 28085K [0x00000000eb580000, 0x00000000f0180000, 0x0000000100000000)
  eden space 31744K, 80% used [0x00000000eb580000,0x00000000ece716a0,0x00000000ed480000)
  from space 2560K, 99% used [0x00000000ed480000,0x00000000ed6fc030,0x00000000ed700000)
  to   space 7168K, 0% used [0x00000000efa80000,0x00000000efa80000,0x00000000f0180000)
 ParOldGen       total 42496K, used 10585K [0x00000000c2000000, 0x00000000c4980000, 0x00000000eb580000)
  object space 42496K, 24% used [0x00000000c2000000,0x00000000c2a56460,0x00000000c4980000)
 Metaspace       used 20913K, capacity 21168K, committed 21296K, reserved 1069056K
  class space    used 2536K, capacity 2611K, committed 2688K, reserved 1048576K
Event: 2.629 GC heap after
Heap after GC invocations=6 (full 0):
 PSYoungGen      total 69632K, used 4622K [0x00000000eb580000, 0x00000000f0080000, 0x0000000100000000)
  eden space 63488K, 0% used [0x00000000eb580000,0x00000000eb580000,0x00000000ef380000)
  from space 6144K, 75% used [0x00000000efa80000,0x00000000eff03bd0,0x00000000f0080000)
  to   space 6656K, 0% used [0x00000000ef380000,0x00000000ef380000,0x00000000efa00000)
 ParOldGen       total 42496K, used 10593K [0x00000000c2000000, 0x00000000c4980000, 0x00000000eb580000)
  object space 42496K, 24% used [0x00000000c2000000,0x00000000c2a58460,0x00000000c4980000)
 Metaspace       used 20913K, capacity 21168K, committed 21296K, reserved 1069056K
  class space    used 2536K, capacity 2611K, committed 2688K, reserved 1048576K
}
Event: 2.629 GC heap before
{Heap before GC invocations=7 (full 1):
 PSYoungGen      total 69632K, used 4622K [0x00000000eb580000, 0x00000000f0080000, 0x0000000100000000)
  eden space 63488K, 0% used [0x00000000eb580000,0x00000000eb580000,0x00000000ef380000)
  from space 6144K, 75% used [0x00000000efa80000,0x00000000eff03bd0,0x00000000f0080000)
  to   space 6656K, 0% used [0x00000000ef380000,0x00000000ef380000,0x00000000efa00000)
 ParOldGen       total 42496K, used 10593K [0x00000000c2000000, 0x00000000c4980000, 0x00000000eb580000)
  object space 42496K, 24% used [0x00000000c2000000,0x00000000c2a58460,0x00000000c4980000)
 Metaspace       used 20913K, capacity 21168K, committed 21296K, reserved 1069056K
  class space    used 2536K, capacity 2611K, committed 2688K, reserved 1048576K
Event: 2.679 GC heap after
Heap after GC invocations=7 (full 1):
 PSYoungGen      total 69632K, used 0K [0x00000000eb580000, 0x00000000f0080000, 0x0000000100000000)
  eden space 63488K, 0% used [0x00000000eb580000,0x00000000eb580000,0x00000000ef380000)
  from space 6144K, 0% used [0x00000000efa80000,0x00000000efa80000,0x00000000f0080000)
  to   space 6656K, 0% used [0x00000000ef380000,0x00000000ef380000,0x00000000efa00000)
 ParOldGen       total 35840K, used 8859K [0x00000000c2000000, 0x00000000c4300000, 0x00000000eb580000)
  object space 35840K, 24% used [0x00000000c2000000,0x00000000c28a6ca0,0x00000000c4300000)
 Metaspace       used 20913K, capacity 21168K, committed 21296K, reserved 1069056K
  class space    used 2536K, capacity 2611K, committed 2688K, reserved 1048576K
}

Deoptimization events (10 events):
Event: 2.893 Thread 0x00000000030e5000 Uncommon trap: reason=array_check action=maybe_recompile pc=0x0000000003a010ec method=java.util.AbstractCollection.toArray([Ljava/lang/Object;)[Ljava/lang/Object; @ 119
Event: 2.894 Thread 0x00000000030e5000 Uncommon trap: reason=array_check action=maybe_recompile pc=0x0000000003a010ec method=java.util.AbstractCollection.toArray([Ljava/lang/Object;)[Ljava/lang/Object; @ 119
Event: 2.894 Thread 0x00000000030e5000 Uncommon trap: reason=array_check action=maybe_recompile pc=0x0000000003a010ec method=java.util.AbstractCollection.toArray([Ljava/lang/Object;)[Ljava/lang/Object; @ 119
Event: 2.894 Thread 0x00000000030e5000 Uncommon trap: reason=array_check action=maybe_recompile pc=0x0000000003a010ec method=java.util.AbstractCollection.toArray([Ljava/lang/Object;)[Ljava/lang/Object; @ 119
Event: 3.099 Thread 0x00000000030e5000 Uncommon trap: reason=unstable_if action=reinterpret pc=0x000000000393cf1c method=java.util.LinkedList.node(I)Ljava/util/LinkedList$Node; @ 49
Event: 3.274 Thread 0x00000000030e5000 Uncommon trap: reason=unstable_if action=reinterpret pc=0x00000000039c93c8 method=java.util.Arrays.equals([Ljava/lang/Object;[Ljava/lang/Object;)Z @ 65
Event: 3.599 Thread 0x00000000030e5000 Uncommon trap: reason=unstable_if action=reinterpret pc=0x0000000003ae6014 method=java.lang.reflect.Method.equals(Ljava/lang/Object;)Z @ 1
Event: 3.620 Thread 0x00000000030e5000 Uncommon trap: reason=unstable_if action=reinterpret pc=0x0000000003a938a4 method=org.springframework.asm.Type.getArgumentsAndReturnSizes(Ljava/lang/String;)I @ 88
Event: 3.621 Thread 0x00000000030e5000 Uncommon trap: reason=unstable_if action=reinterpret pc=0x0000000003a71a80 method=org.springframework.asm.Type.getArgumentTypes(Ljava/lang/String;)[Lorg/springframework/asm/Type; @ 58
Event: 3.622 Thread 0x00000000030e5000 Uncommon trap: reason=unstable_if action=reinterpret pc=0x0000000003b2b9e4 method=org.springframework.asm.Type.getArgumentsAndReturnSizes(Ljava/lang/String;)I @ 88

Classes redefined (0 events):
No events

Internal exceptions (10 events):
Event: 3.664 Thread 0x00000000030e5000 Exception <a 'java/lang/ClassNotFoundException': org/springframework/aop/support/AbstractBeanFactoryPointcutAdvisorCustomizer> (0x00000000ef091140) thrown at [C:\re\workspace\8-2-build-windows-amd64-cygwin\jdk8u181\11358\hotspot\src\share\vm\classfile\sys
Event: 3.665 Thread 0x00000000030e5000 Exception <a 'java/lang/ClassNotFoundException': org/springframework/transaction/interceptor/BeanFactoryTransactionAttributeSourceAdvisorCustomizer> (0x00000000ef0afe80) thrown at [C:\re\workspace\8-2-build-windows-amd64-cygwin\jdk8u181\11358\hotspot\src\
Event: 3.665 Thread 0x00000000030e5000 Exception <a 'java/lang/ClassNotFoundException': org/springframework/beans/factory/BeanFactoryAwareCustomizer> (0x00000000ef0cad80) thrown at [C:\re\workspace\8-2-build-windows-amd64-cygwin\jdk8u181\11358\hotspot\src\share\vm\classfile\systemDictionary.cp
Event: 3.666 Thread 0x00000000030e5000 Exception <a 'java/lang/ClassNotFoundException': org/springframework/aop/PointcutAdvisorCustomizer> (0x00000000ef0da260) thrown at [C:\re\workspace\8-2-build-windows-amd64-cygwin\jdk8u181\11358\hotspot\src\share\vm\classfile\systemDictionary.cpp, line 210
Event: 3.667 Thread 0x00000000030e5000 Exception <a 'java/lang/ClassNotFoundException': org/springframework/core/OrderedCustomizer> (0x00000000ef0e7c30) thrown at [C:\re\workspace\8-2-build-windows-amd64-cygwin\jdk8u181\11358\hotspot\src\share\vm\classfile\systemDictionary.cpp, line 210]
Event: 3.667 Thread 0x00000000030e5000 Exception <a 'java/lang/ClassNotFoundException': java/io/SerializableCustomizer> (0x00000000ef0ee168) thrown at [C:\re\workspace\8-2-build-windows-amd64-cygwin\jdk8u181\11358\hotspot\src\share\vm\classfile\systemDictionary.cpp, line 210]
Event: 3.669 Thread 0x00000000030e5000 Exception <a 'java/lang/ClassNotFoundException': java/lang/ObjectCustomizer> (0x00000000ef102180) thrown at [C:\re\workspace\8-2-build-windows-amd64-cygwin\jdk8u181\11358\hotspot\src\share\vm\classfile\systemDictionary.cpp, line 210]
Event: 3.670 Thread 0x00000000030e5000 Exception <a 'java/lang/ClassNotFoundException': org/springframework/boot/autoconfigure/web/EmbeddedServletContainerAutoConfiguration$EmbeddedTomcatCustomizer> (0x00000000ef11e6f8) thrown at [C:\re\workspace\8-2-build-windows-amd64-cygwin\jdk8u181\11358\h
Event: 3.670 Thread 0x00000000030e5000 Exception <a 'java/lang/ClassNotFoundException': org/springframework/boot/autoconfigure/web/EmbeddedServletContainerAutoConfiguration$EmbeddedTomcat$$EnhancerBySpringCGLIB$$d251128Customizer> (0x00000000ef13ebb8) thrown at [C:\re\workspace\8-2-build-windo
Event: 3.671 Thread 0x00000000030e5000 Exception <a 'java/lang/ClassNotFoundException': org/springframework/context/annotation/ConfigurationClassEnhancer$EnhancedConfigurationCustomizer> (0x00000000ef15cc78) thrown at [C:\re\workspace\8-2-build-windows-amd64-cygwin\jdk8u181\11358\hotspot\src\s

Events (10 events):
Event: 3.681 loading class org/apache/tomcat/ContextBind
Event: 3.681 loading class org/apache/tomcat/ContextBind done
Event: 3.697 loading class org/springframework/boot/context/embedded/EmbeddedServletContainer
Event: 3.697 loading class org/springframework/boot/context/embedded/EmbeddedServletContainer done
Event: 3.698 loading class org/springframework/boot/context/embedded/MimeMappings
Event: 3.698 loading class org/springframework/boot/context/embedded/MimeMappings done
Event: 3.699 loading class org/springframework/boot/context/embedded/MimeMappings$Mapping
Event: 3.699 loading class org/springframework/boot/context/embedded/MimeMappings$Mapping done
Event: 3.700 loading class org/springframework/boot/context/embedded/JspServlet
Event: 3.700 loading class org/springframework/boot/context/embedded/JspServlet done


Dynamic libraries:
0x00007ff785200000 - 0x00007ff785237000 	C:\Program Files\Java\jdk1.8.0_181\bin\javaw.exe
0x00007ff993730000 - 0x00007ff993911000 	C:\WINDOWS\SYSTEM32\ntdll.dll
0x00007ff993560000 - 0x00007ff993612000 	C:\WINDOWS\System32\KERNEL32.DLL
0x00007ff98fb00000 - 0x00007ff98fd73000 	C:\WINDOWS\System32\KERNELBASE.dll
0x00007ff9915c0000 - 0x00007ff991661000 	C:\WINDOWS\System32\ADVAPI32.dll
0x00007ff991d40000 - 0x00007ff991dde000 	C:\WINDOWS\System32\msvcrt.dll
0x00007ff991bd0000 - 0x00007ff991c2b000 	C:\WINDOWS\System32\sechost.dll
0x00007ff991010000 - 0x00007ff991134000 	C:\WINDOWS\System32\RPCRT4.dll
0x00007ff991310000 - 0x00007ff9914a0000 	C:\WINDOWS\System32\USER32.dll
0x00007ff990900000 - 0x00007ff990920000 	C:\WINDOWS\System32\win32u.dll
0x00007ff991590000 - 0x00007ff9915b8000 	C:\WINDOWS\System32\GDI32.dll
0x00007ff98fe70000 - 0x00007ff990002000 	C:\WINDOWS\System32\gdi32full.dll
0x00007ff98fdd0000 - 0x00007ff98fe6f000 	C:\WINDOWS\System32\msvcp_win.dll
0x00007ff990780000 - 0x00007ff99087a000 	C:\WINDOWS\System32\ucrtbase.dll
0x00007ff982e30000 - 0x00007ff983099000 	C:\WINDOWS\WinSxS\amd64_microsoft.windows.common-controls_6595b64144ccf1df_6.0.17134.228_none_fb4599993062b194\COMCTL32.dll
0x00007ff991670000 - 0x00007ff991993000 	C:\WINDOWS\System32\combase.dll
0x00007ff990880000 - 0x00007ff9908fa000 	C:\WINDOWS\System32\bcryptPrimitives.dll
0x00007ff993520000 - 0x00007ff99354d000 	C:\WINDOWS\System32\IMM32.DLL
0x000000005b790000 - 0x000000005b862000 	C:\Program Files\Java\jdk1.8.0_181\jre\bin\msvcr100.dll
0x000000005aee0000 - 0x000000005b782000 	C:\Program Files\Java\jdk1.8.0_181\jre\bin\server\jvm.dll
0x00007ff9936f0000 - 0x00007ff9936f8000 	C:\WINDOWS\System32\PSAPI.DLL
0x00007ff982e20000 - 0x00007ff982e2a000 	C:\WINDOWS\SYSTEM32\VERSION.dll
0x00007ff98c710000 - 0x00007ff98c733000 	C:\WINDOWS\SYSTEM32\WINMM.dll
0x00007ff982830000 - 0x00007ff982839000 	C:\WINDOWS\SYSTEM32\WSOCK32.dll
0x00007ff9914a0000 - 0x00007ff99150c000 	C:\WINDOWS\System32\WS2_32.dll
0x00007ff98c6e0000 - 0x00007ff98c70a000 	C:\WINDOWS\SYSTEM32\WINMMBASE.dll
0x00007ff98fd80000 - 0x00007ff98fdc9000 	C:\WINDOWS\System32\cfgmgr32.dll
0x000000005d4b0000 - 0x000000005d4bf000 	C:\Program Files\Java\jdk1.8.0_181\jre\bin\verify.dll
0x000000005d430000 - 0x000000005d459000 	C:\Program Files\Java\jdk1.8.0_181\jre\bin\java.dll
0x000000005d490000 - 0x000000005d4a6000 	C:\Program Files\Java\jdk1.8.0_181\jre\bin\zip.dll
0x00007ff991de0000 - 0x00007ff993220000 	C:\WINDOWS\System32\SHELL32.dll
0x00007ff9919a0000 - 0x00007ff991a49000 	C:\WINDOWS\System32\shcore.dll
0x00007ff990010000 - 0x00007ff99071d000 	C:\WINDOWS\System32\windows.storage.dll
0x00007ff9912b0000 - 0x00007ff991301000 	C:\WINDOWS\System32\shlwapi.dll
0x00007ff98fab0000 - 0x00007ff98fac1000 	C:\WINDOWS\System32\kernel.appcore.dll
0x00007ff98fae0000 - 0x00007ff98faff000 	C:\WINDOWS\System32\profapi.dll
0x00007ff98fa60000 - 0x00007ff98faac000 	C:\WINDOWS\System32\powrprof.dll
0x00007ff98fad0000 - 0x00007ff98fada000 	C:\WINDOWS\System32\FLTLIB.DLL
0x000000005d420000 - 0x000000005d42d000 	C:\Program Files\Java\jdk1.8.0_181\jre\bin\management.dll
0x000000005d050000 - 0x000000005d06a000 	C:\Program Files\Java\jdk1.8.0_181\jre\bin\net.dll
0x00007ff98f2c0000 - 0x00007ff98f326000 	C:\WINDOWS\system32\mswsock.dll
0x000000005c9d0000 - 0x000000005c9e1000 	C:\Program Files\Java\jdk1.8.0_181\jre\bin\nio.dll
0x00007ff9822d0000 - 0x00007ff9822e6000 	C:\WINDOWS\system32\napinsp.dll
0x00007ff9822b0000 - 0x00007ff9822ca000 	C:\WINDOWS\system32\pnrpnsp.dll
0x00007ff98b2c0000 - 0x00007ff98b2d9000 	C:\WINDOWS\system32\NLAapi.dll
0x00007ff98f080000 - 0x00007ff98f13e000 	C:\WINDOWS\SYSTEM32\DNSAPI.dll
0x00007ff991c90000 - 0x00007ff991c98000 	C:\WINDOWS\System32\NSI.dll
0x00007ff98f040000 - 0x00007ff98f078000 	C:\WINDOWS\SYSTEM32\IPHLPAPI.DLL
0x00007ff982310000 - 0x00007ff98231e000 	C:\WINDOWS\System32\winrnr.dll
0x00007ff986630000 - 0x00007ff986645000 	C:\WINDOWS\System32\wshbth.dll
0x00007ff983810000 - 0x00007ff98381a000 	C:\Windows\System32\rasadhlp.dll
0x00007ff983850000 - 0x00007ff9838c2000 	C:\WINDOWS\System32\fwpuclnt.dll
0x00007ff98f5a0000 - 0x00007ff98f5c5000 	C:\WINDOWS\SYSTEM32\bcrypt.dll
0x00007ff98f470000 - 0x00007ff98f487000 	C:\WINDOWS\SYSTEM32\CRYPTSP.dll
0x00007ff98eea0000 - 0x00007ff98eed3000 	C:\WINDOWS\system32\rsaenh.dll
0x00007ff98f970000 - 0x00007ff98f998000 	C:\WINDOWS\SYSTEM32\USERENV.dll
0x00007ff98f490000 - 0x00007ff98f49b000 	C:\WINDOWS\SYSTEM32\CRYPTBASE.dll
0x00007ff984070000 - 0x00007ff984086000 	C:\WINDOWS\SYSTEM32\dhcpcsvc6.DLL
0x00007ff9840b0000 - 0x00007ff9840ca000 	C:\WINDOWS\SYSTEM32\dhcpcsvc.DLL

VM Arguments:
jvm_args: -Dcom.sun.management.jmxremote -Dcom.sun.management.jmxremote.port=63591 -Dcom.sun.management.jmxremote.authenticate=false -Dcom.sun.management.jmxremote.ssl=false -Djava.rmi.server.hostname=localhost -Dspring.liveBeansView.mbeanDomain -Dspring.application.admin.enabled=true -Dfile.encoding=UTF-8 
java_command: com.login.LoginAppApplication
java_class_path (initial): E:\Eclipse\Workspace\LoginApp\target\classes;C:\Users\Dell\.m2\repository\org\springframework\boot\spring-boot-starter-data-jpa\1.5.8.RELEASE\spring-boot-starter-data-jpa-1.5.8.RELEASE.jar;C:\Users\Dell\.m2\repository\org\springframework\boot\spring-boot-starter\1.5.8.RELEASE\spring-boot-starter-1.5.8.RELEASE.jar;C:\Users\Dell\.m2\repository\org\springframework\boot\spring-boot\1.5.8.RELEASE\spring-boot-1.5.8.RELEASE.jar;C:\Users\Dell\.m2\repository\org\springframework\boot\spring-boot-autoconfigure\1.5.8.RELEASE\spring-boot-autoconfigure-1.5.8.RELEASE.jar;C:\Users\Dell\.m2\repository\org\springframework\boot\spring-boot-starter-logging\1.5.8.RELEASE\spring-boot-starter-logging-1.5.8.RELEASE.jar;C:\Users\Dell\.m2\repository\ch\qos\logback\logback-classic\1.1.11\logback-classic-1.1.11.jar;C:\Users\Dell\.m2\repository\ch\qos\logback\logback-core\1.1.11\logback-core-1.1.11.jar;C:\Users\Dell\.m2\repository\org\slf4j\jul-to-slf4j\1.7.25\jul-to-slf4j-1.7.25.jar;C:\Users\Dell\.m2\repository\org\slf4j\log4j-over-slf4j\1.7.25\log4j-over-slf4j-1.7.25.jar;C:\Users\Dell\.m2\repository\org\yaml\snakeyaml\1.17\snakeyaml-1.17.jar;C:\Users\Dell\.m2\repository\org\springframework\boot\spring-boot-starter-aop\1.5.8.RELEASE\spring-boot-starter-aop-1.5.8.RELEASE.jar;C:\Users\Dell\.m2\repository\org\springframework\spring-aop\4.3.12.RELEASE\spring-aop-4.3.12.RELEASE.jar;C:\Users\Dell\.m2\repository\org\aspectj\aspectjweaver\1.8.11\aspectjweaver-1.8.11.jar;C:\Users\Dell\.m2\repository\org\springframework\boot\spring-boot-starter-jdbc\1.5.8.RELEASE\spring-boot-starter-jdbc-1.5.8.RELEASE.jar;C:\Users\Dell\.m2\repository\org\apache\tomcat\tomcat-jdbc\8.5.23\tomcat-jdbc-8.5.23.jar;C:\Users\Dell\.m2\repository\org\apache\tomcat\tomcat-juli\8.5.23\tomcat-juli-8.5.23.jar;C:\Users\Dell\.m2\repository\org\springframework\spring-jdbc\4.3.12.RELEASE\spring-jdbc-4.3.12.RELEASE.jar;C:\Users\Dell\.m2\repository\org\hibernate\hibernate-core\5.0.12.Final\hibernate-core-5.0.1
Launcher Type: SUN_STANDARD

Environment Variables:
JAVA_HOME=C:\Program Files\Java\jdk1.8.0_181
PATH=C:/Program Files/Java/jre1.8.0_181/bin/server;C:/Program Files/Java/jre1.8.0_181/bin;C:/Program Files/Java/jre1.8.0_181/lib/amd64;C:\Program Files (x86)\Common Files\Oracle\Java\javapath;C:\Program Files (x86)\Intel\Intel(R) Management Engine Components\iCLS\;C:\Program Files\Intel\Intel(R) Management Engine Components\iCLS\;C:\WINDOWS\system32;C:\WINDOWS;C:\WINDOWS\System32\Wbem;C:\WINDOWS\System32\WindowsPowerShell\v1.0\;C:\Program Files (x86)\Intel\Intel(R) Management Engine Components\DAL;C:\Program Files\Intel\Intel(R) Management Engine Components\DAL;C:\Program Files (x86)\Intel\Intel(R) Management Engine Components\IPT;C:\Program Files\Intel\Intel(R) Management Engine Components\IPT;C:\WINDOWS\System32\OpenSSH\;C:\Dwimperl\perl\bin;C:\Dwimperl\perl\site\bin;C:\Dwimperl\c\bin;C:\Program Files\Java\jdk1.8.0_181\bin;E:\Maven\apache-maven-3.5.4\bin;C:\Program Files\nodejs\;C:\Users\Dell\AppData\Local\Microsoft\WindowsApps;E:\Maven\apache-maven-3.5.4\bin;C:\Users\Dell\AppData\Roaming\npm;C:\Users\Dell\AppData\Local\Programs\Microsoft VS Code\bin;E:\Microsoft VS Code\bin;E:\Eclipse\eclipse;
USERNAME=Dell
OS=Windows_NT
PROCESSOR_IDENTIFIER=Intel64 Family 6 Model 142 Stepping 9, GenuineIntel



---------------  S Y S T E M  ---------------

OS: Windows 10.0 , 64 bit Build 17134 (10.0.17134.1)

CPU:total 4 (initial active 4) (2 cores per cpu, 2 threads per core) family 6 model 142 stepping 9, cmov, cx8, fxsr, mmx, sse, sse2, sse3, ssse3, sse4.1, sse4.2, popcnt, avx, avx2, aes, clmul, erms, 3dnowpref, lzcnt, ht, tsc, tscinvbit, bmi1, bmi2, adx

Memory: 4k page, physical 4057212k(311996k free), swap 6154364k(3064k free)

vm_info: Java HotSpot(TM) 64-Bit Server VM (25.181-b13) for windows-amd64 JRE (1.8.0_181-b13), built on Jul  7 2018 04:01:33 by "java_re" with MS VC++ 10.0 (VS2010)

time: Sat Aug 18 12:34:07 2018
elapsed time: 4 seconds (0d 0h 0m 4s)

